0 info it worked if it ends with ok
1 verbose cli [ '/Users/pencilpix/.nvm/v4.1.2/bin/node',
1 verbose cli   '/Users/pencilpix/.nvm/v4.1.2/bin/npm',
1 verbose cli   'publish' ]
2 info using npm@2.14.4
3 info using node@v4.1.2
4 verbose publish [ '.' ]
5 silly cache add args [ '.', null ]
6 verbose cache add spec .
7 silly cache add parsed spec Result {
7 silly cache add   raw: '.',
7 silly cache add   scope: null,
7 silly cache add   name: null,
7 silly cache add   rawSpec: '.',
7 silly cache add   spec: '/Users/pencilpix/Code/training/custom-plugins/bs.push.nav',
7 silly cache add   type: 'directory' }
8 verbose addLocalDirectory /Users/pencilpix/.npm/bs-push-nav/0.0.5/package.tgz not in flight; packing
9 verbose tar pack [ '/Users/pencilpix/.npm/bs-push-nav/0.0.5/package.tgz',
9 verbose tar pack   '/Users/pencilpix/Code/training/custom-plugins/bs.push.nav' ]
10 verbose tarball /Users/pencilpix/.npm/bs-push-nav/0.0.5/package.tgz
11 verbose folder /Users/pencilpix/Code/training/custom-plugins/bs.push.nav
12 info prepublish bs-push-nav@0.0.5
13 verbose addLocalTarball adding from inside cache /Users/pencilpix/.npm/bs-push-nav/0.0.5/package.tgz
14 silly cache afterAdd bs-push-nav@0.0.5
15 verbose afterAdd /Users/pencilpix/.npm/bs-push-nav/0.0.5/package/package.json not in flight; writing
16 verbose afterAdd /Users/pencilpix/.npm/bs-push-nav/0.0.5/package/package.json written
17 silly publish { private: true,
17 silly publish   engines: { node: '>=0.12.0' },
17 silly publish   devDependencies:
17 silly publish    { 'babel-core': '^6.4.0',
17 silly publish      'babel-preset-es2015': '^6.3.13',
17 silly publish      'browser-sync': '^2.2.1',
17 silly publish      del: '^1.1.1',
17 silly publish      gulp: '^3.9.0',
17 silly publish      'gulp-autoprefixer': '^3.0.1',
17 silly publish      'gulp-babel': '^6.1.1',
17 silly publish      'gulp-cache': '^0.2.8',
17 silly publish      'gulp-cssnano': '^2.0.0',
17 silly publish      'gulp-eslint': '^0.13.2',
17 silly publish      'gulp-htmlmin': '^1.3.0',
17 silly publish      'gulp-if': '^1.2.5',
17 silly publish      'gulp-imagemin': '^2.2.1',
17 silly publish      'gulp-load-plugins': '^0.10.0',
17 silly publish      'gulp-plumber': '^1.0.1',
17 silly publish      'gulp-sass': '^2.0.0',
17 silly publish      'gulp-size': '^1.2.1',
17 silly publish      'gulp-sourcemaps': '^1.5.0',
17 silly publish      'gulp-uglify': '^1.1.0',
17 silly publish      'gulp-useref': '^3.0.0',
17 silly publish      'main-bower-files': '^2.5.0',
17 silly publish      wiredep: '^2.2.2' },
17 silly publish   eslintConfig:
17 silly publish    { env: { es6: true, node: true, browser: true },
17 silly publish      rules: { quotes: [Object] } },
17 silly publish   name: 'bs-push-nav',
17 silly publish   version: '0.0.5',
17 silly publish   readme: '[![Build Status](https://travis-ci.org/pencilpix/bs.push.nav.svg?branch=develop)](https://travis-ci.org/pencilpix/bs.push.nav)\n### bs.push.nav\nJQuery plugin depend on bootstrap navigation to convert it into a push/slide menu for small screen widths\n\n#### Dependancies\n  * jquery 2.X\n  * bootstrap 3.X\n\n#### Installation:\nyou can use bower to install bs.push.nav using the following command.\n\n```\n  $ bower install bs-push-nav --save\n```\n\nor manually via downloading repository of the plugin and attach the required files to make it work.\ninclude CSS just after bootstrap.css files at your `<head>`\n\n```\n  <link rel="stylesheet" href="dist/styles/jquery.bs.push.nav.min.css"/>\n```\n\nthen include JS file after jquery and bootstrap.js at the bottom of your `<body>` or at you set you js files to be.\n\n```\n  <script src="dist/scripts/jquery.bs.push.nav.min.js"></script>\n```\n\nall html structure required is a button that trigger the menus you want to convert into push/slide at given breakpoint\n\n```\n  <button type="button" class="navbar-toggle" data-toggle="bsPushNav" data-target="#menu1 #menu2" aria-expanded="false">\n    <span class="sr-only">Toggle navigation</span>\n    <span class="icon-bar"></span>\n    <span class="icon-bar"></span>\n    <span class="icon-bar"></span>\n  </button>\n  <!-- call the plugin -->\n  <script>\n    jQuery(document).ready(function($) {\n      $(\'.navbar-toggle\').bsPushNav();\n    });\n  </script>\n\n```\n\n#### Options\nbs.push.nav has many options that makes you control your menus\n```\n  <script>\n    jQuery(document).ready(function($) {\n      var options = {\n        breakpoint: 768, // the breakpoint that determine the screen width to convert menus\n        typeClass: \'slide\', // the default type menu is \'slide\' you can set it to \'push\'\n        targetsList: [\'#menu1\', \'#menu2\'], // or you can set it via data-target="#menu1 #menu2"\n        direction: \'left\' // the default direction, also you can set it to right\n      };\n\n      $(\'.navbar-toggle\').bsPushNav(options);\n    });\n  </script>\n```\n\n#### Events\n\nEvent           | Description                                                             \n--------------- | ------------------------------------------------------------------------\nmenuEnabled     | that event will be triggered when the window hit the breakpoint and when template is ready\nmenuDisabled    | when window is resized and break the breakpoint and the template reverted to origin\nbeforeShow      | triggered when the button is clicked just before the menu is shown\nshown           | triggered when the menu is shown\nbeforeHide      | triggered just before the menu is hidden\nhidden          | triggered after hiding the menu\n\nusing event:\n```\n  $(document).on(\'beforeShow\', \'.btn\', function(e){\n    // do some stuff\n  });\n```\n\n#### Methods\n\nMethod           | Description                                                            \n---------------- | -----------------------------------------------------------------------\n\'show\'           | shows the menu\n\'hide\'           | hides the menu\n\'destroy\'        | destroy and dettach all events applied to the plugin instance\n\n#### Upcomming features\n  * support (RTL) for the menus.\n  * Enable required Events that should be triggered at each process.\n\n\n',
17 silly publish   readmeFilename: 'README.md',
17 silly publish   gitHead: '0a5591aab5a6353711fe0b38d135711add3c5edc',
17 silly publish   description: '[![Build Status](https://travis-ci.org/pencilpix/bs.push.nav.svg?branch=develop)](https://travis-ci.org/pencilpix/bs.push.nav) ### bs.push.nav JQuery plugin depend on bootstrap navigation to convert it into a push/slide menu for small screen widths',
17 silly publish   _id: 'bs-push-nav@0.0.5',
17 silly publish   scripts: {},
17 silly publish   _shasum: 'd358efd32036afac0d482ef22fd9c519f952261b',
17 silly publish   _from: '.' }
18 verbose getPublishConfig undefined
19 verbose stack Error: This package has been marked as private
19 verbose stack Remove the 'private' field from the package.json to publish it.
19 verbose stack     at publish_ (/Users/pencilpix/.nvm/v4.1.2/lib/node_modules/npm/lib/publish.js:98:5)
19 verbose stack     at Array.<anonymous> (/Users/pencilpix/.nvm/v4.1.2/lib/node_modules/npm/node_modules/slide/lib/bind-actor.js:15:8)
19 verbose stack     at LOOP (/Users/pencilpix/.nvm/v4.1.2/lib/node_modules/npm/node_modules/slide/lib/chain.js:15:14)
19 verbose stack     at LOOP (/Users/pencilpix/.nvm/v4.1.2/lib/node_modules/npm/node_modules/slide/lib/chain.js:14:28)
19 verbose stack     at chain (/Users/pencilpix/.nvm/v4.1.2/lib/node_modules/npm/node_modules/slide/lib/chain.js:20:5)
19 verbose stack     at /Users/pencilpix/.nvm/v4.1.2/lib/node_modules/npm/lib/publish.js:73:5
19 verbose stack     at RES (/Users/pencilpix/.nvm/v4.1.2/lib/node_modules/npm/node_modules/inflight/inflight.js:23:14)
19 verbose stack     at f (/Users/pencilpix/.nvm/v4.1.2/lib/node_modules/npm/node_modules/once/once.js:17:25)
19 verbose stack     at /Users/pencilpix/.nvm/v4.1.2/lib/node_modules/npm/lib/cache.js:350:14
19 verbose stack     at /Users/pencilpix/.nvm/v4.1.2/lib/node_modules/npm/node_modules/write-file-atomic/index.js:29:15
20 verbose cwd /Users/pencilpix/Code/training/custom-plugins/bs.push.nav
21 error Darwin 15.4.0
22 error argv "/Users/pencilpix/.nvm/v4.1.2/bin/node" "/Users/pencilpix/.nvm/v4.1.2/bin/npm" "publish"
23 error node v4.1.2
24 error npm  v2.14.4
25 error This package has been marked as private
25 error Remove the 'private' field from the package.json to publish it.
26 error If you need help, you may report this error at:
26 error     <https://github.com/npm/npm/issues>
27 verbose exit [ 1, true ]
